c:\users\kdw79\source\repos\shapesgeosphere\x64\debug\vc141.pdb
c:\users\kdw79\source\repos\shapesgeosphere\x64\debug\vc141.idb
c:\users\kdw79\source\repos\shapesgeosphere\x64\debug\tetrisapp.obj
c:\users\kdw79\source\repos\shapesgeosphere\x64\debug\frameresource.obj
c:\users\kdw79\source\repos\shapesgeosphere\x64\debug\mathhelper.obj
c:\users\kdw79\source\repos\shapesgeosphere\x64\debug\geometrygenerator.obj
c:\users\kdw79\source\repos\shapesgeosphere\x64\debug\gametimer.obj
c:\users\kdw79\source\repos\shapesgeosphere\x64\debug\d3dutil.obj
c:\users\kdw79\source\repos\shapesgeosphere\x64\debug\d3dapp.obj
c:\users\kdw79\source\repos\shapesgeosphere\x64\debug\tetris3d.ilk
c:\users\kdw79\source\repos\shapesgeosphere\x64\debug\tetris3d.exe
c:\users\kdw79\source\repos\shapesgeosphere\x64\debug\tetris3d.pdb
c:\users\kdw79\source\repos\shapesgeosphere\x64\debug\shapesapp.obj
c:\users\kdw79\source\repos\shapesgeosphere\x64\debug\shapes.ilk
c:\users\kdw79\source\repos\shapesgeosphere\x64\debug\shapes.pdb
c:\users\kdw79\source\repos\shapesgeosphere\x64\debug\tetris3d.tlog\cl.command.1.tlog
c:\users\kdw79\source\repos\shapesgeosphere\x64\debug\tetris3d.tlog\cl.read.1.tlog
c:\users\kdw79\source\repos\shapesgeosphere\x64\debug\tetris3d.tlog\cl.write.1.tlog
c:\users\kdw79\source\repos\shapesgeosphere\x64\debug\tetris3d.tlog\link.command.1.tlog
c:\users\kdw79\source\repos\shapesgeosphere\x64\debug\tetris3d.tlog\link.read.1.tlog
c:\users\kdw79\source\repos\shapesgeosphere\x64\debug\tetris3d.tlog\link.write.1.tlog
